0001 program calendario;
0002 const borde = #205#205#205#205#205#205#205#205#205;
Error 206. Línea 0002. Debe aparecer 'uses' después de 'program'
Error 210. Línea 0002. 'const' debe estar entre uses y var
Error 210. Línea 0002. 'const' debe estar entre uses y var
0003 uses crt, dos;
0004 
0005 const borde = #205#205#205#205#205#205#205#205#205;
0006 const m1onths       : array[0..11] of integer = (31, 28, 31, 30, 31, 30, 31, 31, 30, 31, 30, 31);
Error. Línea 0006. El identificador 'm1onths' es inválido. Usar solo letras y guiones bajos.
0007 const year_regular : array[0..11] of integer = ( 0,  3,  3,  6,  1,  4,  6,  2,  5,  0,  3,  5);
0008 const year_bisi2esto: array[0..11] of integer = ( 0,  3,  4,  0,  2,  5,  0,  3,  6,  1,  4,  6)
Error. Línea 0008. El identificador 'year_bisi2esto' es inválido. Usar solo letras y guiones bajos.
Error 210. Línea 0008. 'const' debe contener un ';' al final
0009 const nombres      : array[0..11] of string  = (
Error 210. Línea 0009. 'const' debe contener un ';' al final
0010     '  Enero   ', ' Febrero  ', '  Marzo   ', '  Abril   ',
0011     '   Mayo   ', '  Junio   ', '  Julio   ', '  Agosto  ',
0012     'Septiembre', ' Octubre  ', 'Noviembre ', 'Diciembre ');
0013 
0014 var meses : array[0..11] of integer;
0015 var tecla, i, dia, modulo : integer;
0016 var day, year, mes, dayofweek: word;
0017 const borde = #205#205#205#205#205#205#205#205#205;
Error 210. Línea 0017. 'const' debe estar entre uses y var
Error 210. Línea 0017. 'const' debe estar entre uses y var
0018 begin
0019 {inicio del programa}
0020     for i:=0 to 11 do
0021         begin
0022             meses[i] := months[i];
Error 234. Línea 0022. La variable 'months' en la expresión no está declarada
0023         end;
0024     getdate (year, mes , day, dayofweek);
0025     dec (mes);
0026     repeat
0027         begin
0028             if (((year mod 4) = 0) and ((year mod 100) <> 0)) or ((year mod 400) = 0) then
0029                 begin
0030                     meses[1] := 29;
0031                     modulo := year_bisiesto[mes];
Error 234. Línea 0031. La variable 'year_bisiesto' en la expresión no está declarada
0032                 end
0033             else
0034                 begin
0035                     meses[1] := 28;
0036                     modulo := year_regular[mes];
0037                 end;
0038             dia := 1 - ((year - 1) mod 7 + ((year - 1) div 4 - (3 * ((year - 1) div 100 + 1)) div 4) mod 7 + modulo + 1) mod 7;
0039             clrscr;
0040             writeln ('          '#17, nombres[mes], #16'                       '#30, year, #31);
0041             writeln (#201, borde, #203, borde, #203, borde, #203, borde, #203, borde, #203, borde, #203, borde, #187);
0042             write   (#186' Domingo '#186'  Lunes  '#186' Martes  '#186'Mi'#130'rcoles'#186' Jueves  '#186' Viernes ');
0043             writeln (#186' S'#160'bado  '#186);
0044             writeln (#204, borde, #206, borde, #205, borde, #206, borde, #206, borde, #206, borde, #206, borde, #185);
0045             while dia <= meses[mes] do
0046                 begin
0047                     for i:=0 to 6 do
0048                         begin
0049                             if (dia<1) or (dia>meses[mes]) then
0050                                 begin
0051                                     write (#186'         ')
0052                             else
0053                                 begin
0054                                     write (#186'   ', dia:2, '    ');
0055                                 end;	
0056                             inc (dia);
0057                         end;
0058                     writeln (#186);
0059                     if dia<=meses[mes] then
0060                         begin
0061                             writeln (#204, borde, #206, borde, #206, borde, #206, borde, #206, borde, #206, borde, #206, borde, #185)
0062                     else
0063                         begin
0064                             writeln (#200, borde, #202, borde, #202, borde, #202, borde, #202, borde, #202, borde, #202, borde, #188);
0065                         end; 
0066                 end;
0067             writeln ('Presione '#27' y '#26' para cambiar de mes.');
0068             writeln ('Presione '#24' y '#25' para cambiar de a'#164'o.');
0069             writeln ('Presione ESC para salir.');
0070             repeat
0071                 begin
0072                     tecla := ord (readkey);
0073                 end;
0074             until (tecla=0) or (tecla=27);
0075             if tecla = 0 then
0076                 begin
0077                     case ord (readkey) of
0078                         72: inc (year);
0079                         80: dec (year);
0080                         77:
0081                         if mes<11 then
0082                             begin
0083                                 inc (mes);
0084                             end	
0085                         else
0086                             begin
0087                                 inc (year);
0088                                 mes := 0;
0089                             end;
0090                         75:
0091                             if mes <> 0 then
0092                                 begin
0093                                     dec (mes);
0094                                 end
0095                             else
0096                                 begin
0097                                     dec (year);
0098                                     mes := 11;
0099                                 end;
0100                end;
0101           end;	
0102         end;
0103     until tecla = 27;
0104     //fin del programa
0105 end. 
